  BaseGameEntity.cpp
  ExitMineAndDigForNuggetState.cpp
C:\Users\Jaber\Documents\VS Practice\AI by Example\Westworld\Miner.h(13,19): error C2061: syntax error: identifier 'State'
C:\Users\Jaber\Documents\VS Practice\AI by Example\Westworld\Miner.h(27,7): error C2143: syntax error: missing ';' before '*'
C:\Users\Jaber\Documents\VS Practice\AI by Example\Westworld\Miner.h(27,7): error C4430: missing type specifier - int assumed. Note: C++ does not support default-int
C:\Users\Jaber\Documents\VS Practice\AI by Example\Westworld\Miner.h(27,24): error C2238: unexpected token(s) preceding ';'
C:\Users\Jaber\Documents\VS Practice\AI by Example\Westworld\ExitMineAndDigForNuggetState.cpp(40,64): error C2660: 'Miner::ChangeState': function does not take 1 arguments
C:\Users\Jaber\Documents\VS Practice\AI by Example\Westworld\Miner.h(13,7): message : see declaration of 'Miner::ChangeState'
  GoHomeAndSleepTillRestedState.cpp
C:\Users\Jaber\Documents\VS Practice\AI by Example\Westworld\Miner.h(13,19): error C2061: syntax error: identifier 'State'
C:\Users\Jaber\Documents\VS Practice\AI by Example\Westworld\Miner.h(27,7): error C2143: syntax error: missing ';' before '*'
C:\Users\Jaber\Documents\VS Practice\AI by Example\Westworld\Miner.h(27,7): error C4430: missing type specifier - int assumed. Note: C++ does not support default-int
C:\Users\Jaber\Documents\VS Practice\AI by Example\Westworld\Miner.h(27,24): error C2238: unexpected token(s) preceding ';'
  Miner.cpp
C:\Users\Jaber\Documents\VS Practice\AI by Example\Westworld\State.h(14,21): error C2061: syntax error: identifier 'Miner'
C:\Users\Jaber\Documents\VS Practice\AI by Example\Westworld\State.h(15,23): error C2061: syntax error: identifier 'Miner'
C:\Users\Jaber\Documents\VS Practice\AI by Example\Westworld\State.h(16,20): error C2061: syntax error: identifier 'Miner'
C:\Users\Jaber\Documents\VS Practice\AI by Example\Westworld\Miner.cpp(23,28): error C2660: 'State::Exit': function does not take 1 arguments
C:\Users\Jaber\Documents\VS Practice\AI by Example\Westworld\State.h(16,15): message : see declaration of 'State::Exit'
C:\Users\Jaber\Documents\VS Practice\AI by Example\Westworld\Miner.cpp(29,29): error C2660: 'State::Enter': function does not take 1 arguments
C:\Users\Jaber\Documents\VS Practice\AI by Example\Westworld\State.h(14,15): message : see declaration of 'State::Enter'
  State.cpp
C:\Users\Jaber\Documents\VS Practice\AI by Example\Westworld\Miner.h(13,19): error C2061: syntax error: identifier 'State'
C:\Users\Jaber\Documents\VS Practice\AI by Example\Westworld\Miner.h(27,7): error C2143: syntax error: missing ';' before '*'
C:\Users\Jaber\Documents\VS Practice\AI by Example\Westworld\Miner.h(27,7): error C4430: missing type specifier - int assumed. Note: C++ does not support default-int
C:\Users\Jaber\Documents\VS Practice\AI by Example\Westworld\Miner.h(27,24): error C2238: unexpected token(s) preceding ';'
  VisitBankAndDepositGoldState.cpp
C:\Users\Jaber\Documents\VS Practice\AI by Example\Westworld\Miner.h(13,19): error C2061: syntax error: identifier 'State'
C:\Users\Jaber\Documents\VS Practice\AI by Example\Westworld\Miner.h(27,7): error C2143: syntax error: missing ';' before '*'
C:\Users\Jaber\Documents\VS Practice\AI by Example\Westworld\Miner.h(27,7): error C4430: missing type specifier - int assumed. Note: C++ does not support default-int
C:\Users\Jaber\Documents\VS Practice\AI by Example\Westworld\Miner.h(27,24): error C2238: unexpected token(s) preceding ';'
  Generating Code...
